#!/usr/bin/env bash

# This script runs tests this project as much as possible, and exits with an error if it fails.
#
# TODO^3: rename? it seems innaccurate, this is really just unit testing

# TODO: make output more concise, it takes up a lot of screen space when running 'review-dev' (or 'dev'). Maybe show
# various types of test results only when there's a failure

# TODO^2: I think I should be using SKIGGETY_UTILS_DIR more widely instead of THIS_DIR:
THIS_DIR="$(cd "$(dirname $BASH_SOURCE)";pwd)" # TODO: DELETE?
. $SKIGGETY_UTILS_DIR/lib/skiggety-utils.bash || exit 1

echo_divider_with_text "O-=======-" "test_all:"

# TODO: complain if install-skiggety-utils needs to be run

echo_divider_with_text "+-=======-" "ruby_setup"
{ $THIS_DIR/ruby_setup 2>&1 || echo FOO; } | tail -n 1 # in case this part gets skipped in installers/basic_prerequisites

echo_divider_with_text "+-=======-" "'todo' tests"
./test/test_todo.bash || accumulate_error "shell integration tests failed"

# run ruby unit tests
echo_divider_with_text "+-=======-" "rake test"
rake_test_output="$(rake test)" || accumulate_error "rake test FAILED"
# trim blank space and anything non-deterministic out of test output:
echo "$rake_test_output" | grep -v " --seed" | grep -v "^Finished" | grep -v "^$"
# TODO^2: what can I do to make coverage results be trustworthy and meaningful?
# TODO^2: perhaps ratchet coverage results towards 100%, or make sure it clears a predefined minimum threshold

echo_divider_with_text "+-=======-" "run all python tests"
function run_all_python_tests {
    pushd $THIS_DIR/../test/python/integration/ > /dev/null
    # I choose to specify PYENV_VERSION here so I can control which libraries get installed for
    # which pythons:
    PYENV_VERSION=3.11.1 pip install nose2 || exit_with_error "could not install nose2"
    test_output_text=$(PYENV_VERSION=3.11.1 python -m nose2 2>&1)
    test_exit_value="$?"

    echo "$test_output_text" | sed 's/ in [0-9.]*s//' # get rid of time report to keep output deterministic
    popd > /dev/null
    return $test_exit_value
}
run_all_python_tests || accumulate_error "Python tests FAILED" # TODO: run ALL python tests"

demo_ruby_version_hack || accumulate_error "demo_ruby_version_hack FAILED"

exit_if_any_accumulated_errors
